Performing C SOURCE FILE Test CMAKE_HAVE_LIBC_PTHREAD failed with the following output:
Change Dir: /home/linux/workspace/stl/homework/transform-containers/build/CMakeFiles/CMakeTmp

Run Build Command(s):/usr/bin/make cmTC_c00e9/fast && /usr/bin/make -f CMakeFiles/cmTC_c00e9.dir/build.make CMakeFiles/cmTC_c00e9.dir/build
make[1]: Wejście do katalogu '/home/linux/workspace/stl/homework/transform-containers/build/CMakeFiles/CMakeTmp'
Building C object CMakeFiles/cmTC_c00e9.dir/src.c.o
/usr/bin/cc   -DCMAKE_HAVE_LIBC_PTHREAD   -o CMakeFiles/cmTC_c00e9.dir/src.c.o   -c /home/linux/workspace/stl/homework/transform-containers/build/CMakeFiles/CMakeTmp/src.c
Linking C executable cmTC_c00e9
/usr/bin/cmake -E cmake_link_script CMakeFiles/cmTC_c00e9.dir/link.txt --verbose=1
/usr/bin/cc  -DCMAKE_HAVE_LIBC_PTHREAD    -rdynamic CMakeFiles/cmTC_c00e9.dir/src.c.o  -o cmTC_c00e9 
/usr/bin/ld: CMakeFiles/cmTC_c00e9.dir/src.c.o: in function `main':
src.c:(.text+0x46): undefined reference to `pthread_create'
/usr/bin/ld: src.c:(.text+0x52): undefined reference to `pthread_detach'
/usr/bin/ld: src.c:(.text+0x63): undefined reference to `pthread_join'
collect2: error: ld returned 1 exit status
make[1]: *** [CMakeFiles/cmTC_c00e9.dir/build.make:87: cmTC_c00e9] Błąd 1
make[1]: Opuszczenie katalogu '/home/linux/workspace/stl/homework/transform-containers/build/CMakeFiles/CMakeTmp'
make: *** [Makefile:121: cmTC_c00e9/fast] Błąd 2


Source file was:
#include <pthread.h>

void* test_func(void* data)
{
  return data;
}

int main(void)
{
  pthread_t thread;
  pthread_create(&thread, NULL, test_func, NULL);
  pthread_detach(thread);
  pthread_join(thread, NULL);
  pthread_atfork(NULL, NULL, NULL);
  pthread_exit(NULL);

  return 0;
}

Determining if the function pthread_create exists in the pthreads failed with the following output:
Change Dir: /home/linux/workspace/stl/homework/transform-containers/build/CMakeFiles/CMakeTmp

Run Build Command(s):/usr/bin/make cmTC_370ee/fast && /usr/bin/make -f CMakeFiles/cmTC_370ee.dir/build.make CMakeFiles/cmTC_370ee.dir/build
make[1]: Wejście do katalogu '/home/linux/workspace/stl/homework/transform-containers/build/CMakeFiles/CMakeTmp'
Building C object CMakeFiles/cmTC_370ee.dir/CheckFunctionExists.c.o
/usr/bin/cc   -DCHECK_FUNCTION_EXISTS=pthread_create   -o CMakeFiles/cmTC_370ee.dir/CheckFunctionExists.c.o   -c /usr/share/cmake-3.16/Modules/CheckFunctionExists.c
Linking C executable cmTC_370ee
/usr/bin/cmake -E cmake_link_script CMakeFiles/cmTC_370ee.dir/link.txt --verbose=1
/usr/bin/cc  -DCHECK_FUNCTION_EXISTS=pthread_create    -rdynamic CMakeFiles/cmTC_370ee.dir/CheckFunctionExists.c.o  -o cmTC_370ee  -lpthreads 
/usr/bin/ld: cannot find -lpthreads
collect2: error: ld returned 1 exit status
make[1]: *** [CMakeFiles/cmTC_370ee.dir/build.make:87: cmTC_370ee] Błąd 1
make[1]: Opuszczenie katalogu '/home/linux/workspace/stl/homework/transform-containers/build/CMakeFiles/CMakeTmp'
make: *** [Makefile:121: cmTC_370ee/fast] Błąd 2



